# JRE version: Java(TM) SE Runtime Environment (8.0_191-b12) (build 1.8.0_191-b12)
# Java VM: Java HotSpot(TM) 64-Bit Server VM (25.191-b12 mixed mode linux-amd64 compressed oops)
Heap:
 PSYoungGen      total 248832K, used 72457K [0x000000076e200000, 0x0000000781f00000, 0x00000007c0000000)
  eden space 209920K, 16% used [0x000000076e200000,0x0000000770305b48,0x000000077af00000)
  from space 38912K, 99% used [0x000000077c480000,0x000000077ea3c980,0x000000077ea80000)
  to   space 53760K, 0% used [0x000000077ea80000,0x000000077ea80000,0x0000000781f00000)
 ParOldGen       total 205824K, used 66700K [0x00000006ca600000, 0x00000006d6f00000, 0x000000076e200000)
  object space 205824K, 32% used [0x00000006ca600000,0x00000006ce723188,0x00000006d6f00000)
 Metaspace       used 40841K, capacity 42822K, committed 42880K, reserved 1087488K
  class space    used 4930K, capacity 5225K, committed 5248K, reserved 1048576K
GC Heap History (10 events):
Event: 543.084 GC heap before
{Heap before GC invocations=19 (full 2):
 PSYoungGen      total 230400K, used 230370K [0x000000076e200000, 0x000000077fb00000, 0x00000007c0000000)
  eden space 193536K, 100% used [0x000000076e200000,0x0000000779f00000,0x0000000779f00000)
  from space 36864K, 99% used [0x000000077cb00000,0x000000077eef8bf8,0x000000077ef00000)
  to   space 45056K, 0% used [0x0000000779f00000,0x0000000779f00000,0x000000077cb00000)
 ParOldGen       total 205824K, used 62989K [0x00000006ca600000, 0x00000006d6f00000, 0x000000076e200000)
  object space 205824K, 30% used [0x00000006ca600000,0x00000006ce383538,0x00000006d6f00000)
 Metaspace       used 39439K, capacity 41078K, committed 41216K, reserved 1085440K
  class space    used 4793K, capacity 5053K, committed 5120K, reserved 1048576K
Event: 543.095 GC heap after
Heap after GC invocations=19 (full 2):
 PSYoungGen      total 238592K, used 34838K [0x000000076e200000, 0x0000000781980000, 0x00000007c0000000)
  eden space 193536K, 0% used [0x000000076e200000,0x000000076e200000,0x0000000779f00000)
  from space 45056K, 77% used [0x0000000779f00000,0x000000077c105ba0,0x000000077cb00000)
  to   space 47104K, 0% used [0x000000077eb80000,0x000000077eb80000,0x0000000781980000)
 ParOldGen       total 205824K, used 62997K [0x00000006ca600000, 0x00000006d6f00000, 0x000000076e200000)
  object space 205824K, 30% used [0x00000006ca600000,0x00000006ce385538,0x00000006d6f00000)
 Metaspace       used 39439K, capacity 41078K, committed 41216K, reserved 1085440K
  class space    used 4793K, capacity 5053K, committed 5120K, reserved 1048576K
}
Event: 546.046 GC heap before
{Heap before GC invocations=20 (full 2):
 PSYoungGen      total 238592K, used 228374K [0x000000076e200000, 0x0000000781980000, 0x00000007c0000000)
  eden space 193536K, 100% used [0x000000076e200000,0x0000000779f00000,0x0000000779f00000)
  from space 45056K, 77% used [0x0000000779f00000,0x000000077c105ba0,0x000000077cb00000)
  to   space 47104K, 0% used [0x000000077eb80000,0x000000077eb80000,0x0000000781980000)
 ParOldGen       total 205824K, used 62997K [0x00000006ca600000, 0x00000006d6f00000, 0x000000076e200000)
  object space 205824K, 30% used [0x00000006ca600000,0x00000006ce385538,0x00000006d6f00000)
 Metaspace       used 39530K, capacity 41142K, committed 41216K, reserved 1085440K
  class space    used 4800K, capacity 5053K, committed 5120K, reserved 1048576K
Event: 546.057 GC heap after
Heap after GC invocations=20 (full 2):
 PSYoungGen      total 269312K, used 36095K [0x000000076e200000, 0x0000000781c80000, 0x00000007c0000000)
  eden space 222208K, 0% used [0x000000076e200000,0x000000076e200000,0x000000077bb00000)
  from space 47104K, 76% used [0x000000077eb80000,0x0000000780ebfc28,0x0000000781980000)
  to   space 49664K, 0% used [0x000000077bb00000,0x000000077bb00000,0x000000077eb80000)
 ParOldGen       total 205824K, used 63005K [0x00000006ca600000, 0x00000006d6f00000, 0x000000076e200000)
  object space 205824K, 30% used [0x00000006ca600000,0x00000006ce387538,0x00000006d6f00000)
 Metaspace       used 39530K, capacity 41142K, committed 41216K, reserved 1085440K
  class space    used 4800K, capacity 5053K, committed 5120K, reserved 1048576K
}
Event: 570.141 GC heap before
{Heap before GC invocations=21 (full 2):
 PSYoungGen      total 269312K, used 258303K [0x000000076e200000, 0x0000000781c80000, 0x00000007c0000000)
  eden space 222208K, 100% used [0x000000076e200000,0x000000077bb00000,0x000000077bb00000)
  from space 47104K, 76% used [0x000000077eb80000,0x0000000780ebfc28,0x0000000781980000)
  to   space 49664K, 0% used [0x000000077bb00000,0x000000077bb00000,0x000000077eb80000)
 ParOldGen       total 205824K, used 66672K [0x00000006ca600000, 0x00000006d6f00000, 0x000000076e200000)
  object space 205824K, 32% used [0x00000006ca600000,0x00000006ce71c3f0,0x00000006d6f00000)
 Metaspace       used 40704K, capacity 42688K, committed 42880K, reserved 1087488K
  class space    used 4915K, capacity 5224K, committed 5248K, reserved 1048576K
Event: 570.159 GC heap after
Heap after GC invocations=21 (full 2):
 PSYoungGen      total 271872K, used 44407K [0x000000076e200000, 0x0000000784100000, 0x00000007c0000000)
  eden space 222208K, 0% used [0x000000076e200000,0x000000076e200000,0x000000077bb00000)
  from space 49664K, 89% used [0x000000077bb00000,0x000000077e65df90,0x000000077eb80000)
  to   space 54272K, 0% used [0x0000000780c00000,0x0000000780c00000,0x0000000784100000)
 ParOldGen       total 205824K, used 66680K [0x00000006ca600000, 0x00000006d6f00000, 0x000000076e200000)
  object space 205824K, 32% used [0x00000006ca600000,0x00000006ce71e3f0,0x00000006d6f00000)
 Metaspace       used 40704K, capacity 42688K, committed 42880K, reserved 1087488K
  class space    used 4915K, capacity 5224K, committed 5248K, reserved 1048576K
}
Event: 634.111 GC heap before
{Heap before GC invocations=22 (full 2):
 PSYoungGen      total 271872K, used 266615K [0x000000076e200000, 0x0000000784100000, 0x00000007c0000000)
  eden space 222208K, 100% used [0x000000076e200000,0x000000077bb00000,0x000000077bb00000)
  from space 49664K, 89% used [0x000000077bb00000,0x000000077e65df90,0x000000077eb80000)
  to   space 54272K, 0% used [0x0000000780c00000,0x0000000780c00000,0x0000000784100000)
 ParOldGen       total 205824K, used 66684K [0x00000006ca600000, 0x00000006d6f00000, 0x000000076e200000)
  object space 205824K, 32% used [0x00000006ca600000,0x00000006ce71f188,0x00000006d6f00000)
 Metaspace       used 40807K, capacity 42822K, committed 42880K, reserved 1087488K
  class space    used 4927K, capacity 5225K, committed 5248K, reserved 1048576K
Event: 634.122 GC heap after
Heap after GC invocations=22 (full 2):
 PSYoungGen      total 255488K, used 39057K [0x000000076e200000, 0x0000000783280000, 0x00000007c0000000)
  eden space 216064K, 0% used [0x000000076e200000,0x000000076e200000,0x000000077b500000)
  from space 39424K, 99% used [0x0000000780c00000,0x00000007832244b8,0x0000000783280000)
  to   space 56320K, 0% used [0x000000077c480000,0x000000077c480000,0x000000077fb80000)
 ParOldGen       total 205824K, used 66692K [0x00000006ca600000, 0x00000006d6f00000, 0x000000076e200000)
  object space 205824K, 32% used [0x00000006ca600000,0x00000006ce721188,0x00000006d6f00000)
 Metaspace       used 40807K, capacity 42822K, committed 42880K, reserved 1087488K
  class space    used 4927K, capacity 5225K, committed 5248K, reserved 1048576K
}
Event: 773.654 GC heap before
{Heap before GC invocations=23 (full 2):
 PSYoungGen      total 255488K, used 255121K [0x000000076e200000, 0x0000000783280000, 0x00000007c0000000)
  eden space 216064K, 100% used [0x000000076e200000,0x000000077b500000,0x000000077b500000)
  from space 39424K, 99% used [0x0000000780c00000,0x00000007832244b8,0x0000000783280000)
  to   space 56320K, 0% used [0x000000077c480000,0x000000077c480000,0x000000077fb80000)
 ParOldGen       total 205824K, used 66692K [0x00000006ca600000, 0x00000006d6f00000, 0x000000076e200000)
  object space 205824K, 32% used [0x00000006ca600000,0x00000006ce721188,0x00000006d6f00000)
 Metaspace       used 40808K, capacity 42822K, committed 42880K, reserved 1087488K
  class space    used 4927K, capacity 5225K, committed 5248K, reserved 1048576K
Event: 773.667 GC heap after
Heap after GC invocations=23 (full 2):
 PSYoungGen      total 248832K, used 38642K [0x000000076e200000, 0x0000000781f00000, 0x00000007c0000000)
  eden space 209920K, 0% used [0x000000076e200000,0x000000076e200000,0x000000077af00000)
  from space 38912K, 99% used [0x000000077c480000,0x000000077ea3c980,0x000000077ea80000)
  to   space 53760K, 0% used [0x000000077ea80000,0x000000077ea80000,0x0000000781f00000)
 ParOldGen       total 205824K, used 66700K [0x00000006ca600000, 0x00000006d6f00000, 0x000000076e200000)
  object space 205824K, 32% used [0x00000006ca600000,0x00000006ce723188,0x00000006d6f00000)
 Metaspace       used 40808K, capacity 42822K, committed 42880K, reserved 1087488K
  class space    used 4927K, capacity 5225K, committed 5248K, reserved 1048576K
}

